2023-05-04 17:02:18.3422  INFO Alice
2023-05-04 17:02:18.3821  INFO Bob
2023-05-04 17:02:18.3821  INFO ------------------------------------------
2023-05-04 17:02:18.3821  INFO Connect
2023-05-04 17:02:18.3921  INFO ------------------------------------------
2023-05-04 17:02:18.3921  INFO ExchangeKeys
2023-05-04 17:02:18.4021  TRACE client.AES.Key = 74-56-65-68-4E-E0-5D-CF-38-16-BF-E9-7C-82-7A-A0-B4-F4-51-45-9D-2D-7C-F2-83-73-C1-9E-73-14-B6-14;
2023-05-04 17:02:18.4021  TRACE client.HMAC.Key = E8-7B-68-23-9D-81-F6-43-F1-56-74-5D-43-64-42-F5;
2023-05-04 17:02:18.4021  TRACE client = 1;
2023-05-04 17:02:18.4021  TRACE serverPublicKey = 45-43-4B-35-42-00-00-00-00-06-D3-99-71-04-86-A6-51-38-26-CD-F8-DD-9A-6F-8D-B2-B2-28-75-5A-CE-98-CC-11-1D-3B-FB-B6-64-E7-D5-4C-ED-A0-17-E6-56-B3-0D-92-67-7D-6E-DC-49-6D-88-F8-C5-B3-D6-6C-CF-77-53-4A-6F-A7-48-C8-9A-7D-31-33-00-55-39-F2-04-74-5C-12-33-8B-B9-9A-04-F9-C6-85-23-13-A3-DE-0B-76-DF-06-2C-73-BB-D8-74-88-D1-44-46-88-B0-F8-4B-E7-CA-C4-03-BB-58-87-DE-7C-5B-C2-98-F7-A4-07-18-AA-11-57-5D-8B-58-16-02-10-BE-F3-0A-94;
2023-05-04 17:02:18.4021  TRACE sharedSecret = 52-AB-94-D1-0C-CF-CE-F7-EF-26-56-7A-DD-4B-DD-F8-C7-2F-6F-F2-5B-1F-36-23-7B-0F-FC-FD-3B-81-21-B7;
2023-05-04 17:02:18.4021  TRACE key = 34-24-3B-F6-36-78-70-6C-DF-A3-BD-04-00-6F-97-40-9E-2B-C5-D3-1A-0C-37-99-63-C8-3C-2D-8B-E3-C8-81-7D-DE-35-22-A2-B1-5E-C8-45-29-56-5F-0F-C8-69-D1-AA-F3-C3-DE-39-59-B7-38-81-32-27-27-C6-3A-BF-7B-40-3A-0D-4B-8E-04-9D-5F-9D-C9-87-5C-85-36-27-AC-9A-75-AC-22-E8-86-D5-D3-C7-7B-BF-9C-32-F9-EE-2A-10-11-06-D8-43-7F-73-E7-49-F2-F0-09-BA-9A-52-C9-9C-5D-72-8A-B3-60-81-82-AF-EC-5D-41-BB-D6-99-4E-AC-3E-CD-8F-49-89-9C-0D-FA-E6-F0-74-DE-72-58-CA-30-8F-1B-5F-38-6A-46-15-C1-07-EE-C0-A7-2A-9C-8C;
2023-05-04 17:02:18.4021  TRACE encryptionKey = 18-32-4F-CB-E2-38-72-60-9F-D3-90-EC-D8-DB-E0-C1-88-88-C6-BE-47-7B-09-00-DE-B1-85-E1-26-F3-58-7D-3D-20-A7-A5-42-9B-13-56-26-1F-72-BB-04-F2-5C-29-9E-D6-DC-55-20-22-0C-B0-87-FE-E6-CE-93-E4-E1-13-74-35-A5-92-39-BB-E4-D4-AC-63-15-41-6D-58-3D-7D;
2023-05-04 17:02:18.4021  TRACE authenticationKey = BC-F7-CB-29-93-1F-55-04-1F-B8-03-9F-AA-70-32-0B-14-14-67-31-3F-26-25-72-36-E8-9B-C3-D3-79-CB-61-29-C3-3C-6E-7C-E1-A8-5F-D9-BB-82-76-AD-33-9D-58-7D-22-BD-90-BB-B4-EA-FC-B0-77-4E-D6-2D-4E-A0-CC-C9-89-B1-CE-EF-1E-90-4E-C3-92-23-41-E7-57-2F-4A;
2023-05-04 17:02:18.4021  TRACE Resize
2023-05-04 17:02:18.4021  TRACE encryptionKey = 18-32-4F-CB-E2-38-72-60-9F-D3-90-EC-D8-DB-E0-C1-88-88-C6-BE-47-7B-09-00-DE-B1-85-E1-26-F3-58-7D;
2023-05-04 17:02:18.4021  TRACE authenticationKey = BC-F7-CB-29-93-1F-55-04-1F-B8-03-9F-AA-70-32-0B;
2023-05-04 17:02:18.4021  TRACE Alice connected to server.
2023-05-04 17:02:18.4021  INFO client1.Connect
2023-05-04 17:02:18.4021  INFO ------------------------------------------
2023-05-04 17:02:18.4021  INFO Connect
2023-05-04 17:02:18.4021  INFO ------------------------------------------
2023-05-04 17:02:18.4021  INFO ExchangeKeys
2023-05-04 17:02:18.4221  TRACE client.AES.Key = A7-B7-90-6F-DC-3E-E0-81-0D-2B-ED-12-42-87-6C-6D-14-09-97-96-19-22-8D-DE-1B-1E-89-D8-6C-9C-16-38;
2023-05-04 17:02:18.4221  TRACE client.HMAC.Key = FD-FD-4D-47-2E-B2-65-AB-04-3E-FE-44-D2-05-9A-BB;
2023-05-04 17:02:18.4221  TRACE client = 2;
2023-05-04 17:02:18.4221  TRACE serverPublicKey = 45-43-4B-35-42-00-00-00-01-F2-02-4C-F3-B6-27-8B-4B-3C-F5-3F-1C-4C-B0-42-07-79-3E-C3-D5-00-A3-97-ED-ED-F8-48-12-63-A1-D8-29-DE-52-CF-5B-0C-E3-0F-1A-3F-42-4A-D4-1A-9E-9D-40-B3-EB-9E-09-C0-C8-F9-B2-9C-C0-DF-5C-C8-2C-8C-D3-52-01-AC-12-10-77-93-18-97-EA-AD-49-17-F5-73-EC-6D-6C-AB-A4-14-E2-40-BF-BA-63-33-0A-7F-0A-C9-EC-38-1F-B7-5F-78-8A-5F-F4-F4-F7-8E-F8-03-F3-02-D2-9B-F7-F7-7A-AB-52-72-DB-BD-ED-2C-6B-51-EA-20-0D-75-B4-23;
2023-05-04 17:02:18.4221  TRACE sharedSecret = C4-42-18-91-90-D7-E1-45-A8-E7-D9-59-FF-5E-10-16-94-32-5F-E7-12-F1-E1-CD-B5-06-34-6C-C5-FA-51-17;
2023-05-04 17:02:18.4221  TRACE key = 73-2B-B2-BF-25-D0-A2-AE-86-DE-21-18-03-27-83-C6-CC-4A-FC-9F-A8-01-64-5B-DC-FE-F0-40-F4-A5-48-0E-CB-CA-13-F4-18-07-9E-0B-02-E3-ED-8C-4E-34-4F-73-E3-06-50-5E-03-05-B0-B6-E4-5A-18-0B-6A-5C-E1-98-4B-CF-8B-12-B0-51-CD-4C-B9-A8-41-D0-B4-91-44-7C-0E-09-C8-06-FC-C5-2E-D8-5E-1F-0E-8C-A5-70-52-E5-1E-6D-5D-F7-3F-27-2B-6C-8D-0D-97-19-86-68-EC-3A-59-37-1A-6D-BB-24-A8-67-88-A1-76-6C-AD-7F-99-E0-21-80-D4-A0-6F-8E-91-1B-66-CB-27-57-D8-0C-C0-22-2D-12-DA-AB-CD-8E-FF-D1-0B-9E-A9-3B-98-8D-7A-CF;
2023-05-04 17:02:18.4321  TRACE encryptionKey = 10-7D-29-92-C3-92-E6-69-6E-DC-00-CA-6B-A0-00-D6-96-29-17-35-08-9A-36-92-88-CF-A5-E7-45-09-D8-A8-66-AA-B9-15-D9-DF-12-68-79-8C-03-CF-05-4F-30-D7-C2-58-50-E3-0A-C7-04-C6-DB-19-9D-C8-0C-43-34-76-9D-AC-1B-8D-B6-5D-12-D4-33-90-0D-D1-8E-AD-F5-2F;
2023-05-04 17:02:18.4321  TRACE authenticationKey = 13-3C-04-90-1A-F4-CD-31-72-03-87-04-FE-62-17-6C-AF-0F-07-C6-52-38-A9-72-8F-B6-AE-FB-9F-93-15-B6-C6-86-8B-01-58-A4-45-76-35-F4-0E-C1-18-38-19-34-66-56-E2-FF-44-0D-20-DB-E2-F6-87-E7-E4-0A-1B-DA-AB-CD-8E-FF-D1-0B-9E-A9-3B-98-8D-7A-CF-A1-66-CB;
2023-05-04 17:02:18.4321  TRACE Resize
2023-05-04 17:02:18.4321  TRACE encryptionKey = 10-7D-29-92-C3-92-E6-69-6E-DC-00-CA-6B-A0-00-D6-96-29-17-35-08-9A-36-92-88-CF-A5-E7-45-09-D8-A8;
2023-05-04 17:02:18.4321  TRACE authenticationKey = 13-3C-04-90-1A-F4-CD-31-72-03-87-04-FE-62-17-6C;
2023-05-04 17:02:18.4321  TRACE Bob connected to server.
2023-05-04 17:02:18.4321  INFO client2.Connect
2023-05-04 17:02:18.4321  INFO ------------------------------------------
2023-05-04 17:02:18.4321  INFO SendMessage
2023-05-04 17:02:18.4321  INFO +++++++++++++++++++++++++++++++++++++++++++++++++
2023-05-04 17:02:18.4321  INFO GetCurrentSubkey
2023-05-04 17:02:18.4321  TRACE intervals = 168320893;
2023-05-04 17:02:18.4321  TRACE subkeyLength = 40;
2023-05-04 17:02:18.4321  TRACE start = 40;
2023-05-04 17:02:18.4321  TRACE subkey = 26-1F-72-BB-04-F2-5C-29-9E-D6-DC-55-20-22-0C-B0-87-FE-E6-CE-93-E4-E1-13-74-35-A5-92-39-BB-E4-D4-AC-63-15-41-6D-58-3D-7D;
2023-05-04 17:02:18.4321  TRACE subkey = 26-1F-72-BB-04-F2-5C-29-9E-D6-DC-55-20-22-0C-B0-87-FE-E6-CE-93-E4-E1-13-74-35-A5-92-39-BB-E4-D4-AC-63-15-41-6D-58-3D-7D;
2023-05-04 17:02:18.4321  TRACE iv = 01-E7-25-4D-69-E7-B8-02-B2-F4-7B-AD-14-1A-32-C4;
2023-05-04 17:02:18.4321  TRACE Resize
2023-05-04 17:02:18.4321  TRACE subkey = 26-1F-72-BB-04-F2-5C-29-9E-D6-DC-55-20-22-0C-B0-87-FE-E6-CE-93-E4-E1-13-74-35-A5-92-39-BB-E4-D4;
2023-05-04 17:02:18.4321  TRACE iv = 01-E7-25-4D-69-E7-B8-02-B2-F4-7B-AD-14-1A-32-C4;
2023-05-04 17:02:18.4321  TRACE encryptedMessage = 1C-11-4E-39-CE-62-35-53-DD-3E-50-6A-20-71-89-C0;
2023-05-04 17:02:18.4321  TRACE hash = 92-CD-D5-A6-9E-F6-27-79-B7-FE-2D-E7-EE-8B-DA-B6-37-EC-2A-6E-50-E6-6D-89-48-5D-AC-58-8C-2C-82-F4;
2023-05-04 17:02:18.4321  TRACE data = 01-E7-25-4D-69-E7-B8-02-B2-F4-7B-AD-14-1A-32-C4-1C-11-4E-39-CE-62-35-53-DD-3E-50-6A-20-71-89-C0-92-CD-D5-A6-9E-F6-27-79-B7-FE-2D-E7-EE-8B-DA-B6-37-EC-2A-6E-50-E6-6D-89-48-5D-AC-58-8C-2C-82-F4;
2023-05-04 17:02:18.4321  INFO ------------------------------------------
2023-05-04 17:02:18.4321  INFO ReceiveMessage
2023-05-04 17:02:18.4321  TRACE subkey = 26-1F-72-BB-04-F2-5C-29-9E-D6-DC-55-20-22-0C-B0-87-FE-E6-CE-93-E4-E1-13-74-35-A5-92-39-BB-E4-D4-AC-63-15-41-6D-58-3D-7D;
2023-05-04 17:02:18.4321  TRACE iv = 01-E7-25-4D-69-E7-B8-02-B2-F4-7B-AD-14-1A-32-C4;
2023-05-04 17:02:18.4321  TRACE encryptedMessage = 1C-11-4E-39-CE-62-35-53-DD-3E-50-6A-20-71-89-C0;
2023-05-04 17:02:18.4321  TRACE hash = 92-CD-D5-A6-9E-F6-27-79-B7-FE-2D-E7-EE-8B-DA-B6-37-EC-2A-6E-50-E6-6D-89-48-5D-AC-58-8C-2C-82-F4;
2023-05-04 17:02:18.4321  TRACE Resize
2023-05-04 17:02:18.4321  TRACE subkey = 26-1F-72-BB-04-F2-5C-29-9E-D6-DC-55-20-22-0C-B0-87-FE-E6-CE-93-E4-E1-13-74-35-A5-92-39-BB-E4-D4;
2023-05-04 17:02:18.4321  TRACE iv = 01-E7-25-4D-69-E7-B8-02-B2-F4-7B-AD-14-1A-32-C4;
2023-05-04 17:02:18.4321  TRACE decryptedMessage = 48-65-6C-6C-6F-2C-20-42-6F-62-21;
2023-05-04 17:02:18.4321  TRACE message = Hello, Bob!
2023-05-04 17:02:18.4321  TRACE computedHash = 92-CD-D5-A6-9E-F6-27-79-B7-FE-2D-E7-EE-8B-DA-B6-37-EC-2A-6E-50-E6-6D-89-48-5D-AC-58-8C-2C-82-F4;
2023-05-04 17:02:18.4321  INFO +++++++++++++++++++++++++++++++++++++++++++++++++
2023-05-04 17:02:18.4321  INFO UpdateSubkey
2023-05-04 17:02:18.4321  INFO +++++++++++++++++++++++++++++++++++++++++++++++++
2023-05-04 17:02:18.4321  INFO GetCurrentSubkey
2023-05-04 17:02:18.4321  TRACE intervals = 168320893;
2023-05-04 17:02:18.4321  TRACE subkeyLength = 40;
2023-05-04 17:02:18.4321  TRACE start = 40;
2023-05-04 17:02:18.4321  TRACE subkey = 2E-65-42-B1-53-DD-C8-86-78-81-86-68-49-30-5C-7A-A4-61-77-2C-66-45-24-DC-71-9B-9F-08-20-AE-71-65-4E-88-5C-D3-48-B7-B8-E9;
2023-05-04 17:02:18.4321  TRACE subkey = 2E-65-42-B1-53-DD-C8-86-78-81-86-68-49-30-5C-7A-A4-61-77-2C-66-45-24-DC-71-9B-9F-08-20-AE-71-65-4E-88-5C-D3-48-B7-B8-E9;
2023-05-04 17:02:18.4321  TRACE !!subkeyLength = 32;
2023-05-04 17:02:18.4321  TRACE hash = A2-97-4E-09-97-FA-C1-9F-B0-01-C7-D9-CF-EB-8F-9F-5F-8B-28-19-07-25-83-14-AE-6B-73-B0-3E-6A-DF-AE;
2023-05-04 17:02:18.4321  TRACE !!hash.Length = 32;
2023-05-04 17:02:18.4321  TRACE start = 0;
2023-05-04 17:02:18.4321  TRACE index = 1;
2023-05-04 17:02:18.4321  TRACE time = 1683208938;
2023-05-04 17:02:18.4321  INFO ------------------------------------------
2023-05-04 17:02:18.4321  INFO ReceiveMessage
2023-05-04 17:02:18.4321  TRACE subkey = 26-1F-72-BB-04-F2-5C-29-9E-D6-DC-55-20-22-0C-B0-87-FE-E6-CE-93-E4-E1-13-74-35-A5-92-39-BB-E4-D4-AC-63-15-41-6D-58-3D-7D;
2023-05-04 17:02:18.4321  TRACE iv = 01-E7-25-4D-69-E7-B8-02-B2-F4-7B-AD-14-1A-32-C4;
2023-05-04 17:02:18.4321  TRACE encryptedMessage = 1C-11-4E-39-CE-62-35-53-DD-3E-50-6A-20-71-89-C0;
2023-05-04 17:02:18.4321  TRACE hash = 92-CD-D5-A6-9E-F6-27-79-B7-FE-2D-E7-EE-8B-DA-B6-37-EC-2A-6E-50-E6-6D-89-48-5D-AC-58-8C-2C-82-F4;
2023-05-04 17:02:18.4321  TRACE Resize
2023-05-04 17:02:18.4321  TRACE subkey = 26-1F-72-BB-04-F2-5C-29-9E-D6-DC-55-20-22-0C-B0-87-FE-E6-CE-93-E4-E1-13-74-35-A5-92-39-BB-E4-D4;
2023-05-04 17:02:18.4321  TRACE iv = 01-E7-25-4D-69-E7-B8-02-B2-F4-7B-AD-14-1A-32-C4;
2023-05-04 17:02:18.4321  TRACE decryptedMessage = 48-65-6C-6C-6F-2C-20-42-6F-62-21;
2023-05-04 17:02:18.4321  TRACE message = Hello, Bob!
2023-05-04 17:02:18.4321  TRACE computedHash = 92-CD-D5-A6-9E-F6-27-79-B7-FE-2D-E7-EE-8B-DA-B6-37-EC-2A-6E-50-E6-6D-89-48-5D-AC-58-8C-2C-82-F4;
2023-05-04 17:02:18.4321  INFO +++++++++++++++++++++++++++++++++++++++++++++++++
2023-05-04 17:02:18.4321  INFO UpdateSubkey
2023-05-04 17:02:18.4321  INFO +++++++++++++++++++++++++++++++++++++++++++++++++
2023-05-04 17:02:18.4321  INFO GetCurrentSubkey
2023-05-04 17:02:18.4321  TRACE intervals = 168320893;
2023-05-04 17:02:18.4321  TRACE subkeyLength = 40;
2023-05-04 17:02:18.4321  TRACE start = 40;
2023-05-04 17:02:18.4321  TRACE subkey = C6-47-31-41-F8-15-74-BD-17-9C-A9-E3-06-E8-8A-97-7A-FD-97-9C-40-44-8F-55-C8-73-E9-7F-00-EF-0E-90-2D-C7-06-A1-E5-C1-3F-0E;
2023-05-04 17:02:18.4321  TRACE subkey = C6-47-31-41-F8-15-74-BD-17-9C-A9-E3-06-E8-8A-97-7A-FD-97-9C-40-44-8F-55-C8-73-E9-7F-00-EF-0E-90-2D-C7-06-A1-E5-C1-3F-0E;
2023-05-04 17:02:18.4321  TRACE !!subkeyLength = 32;
2023-05-04 17:02:18.4321  TRACE hash = 2B-BC-05-0B-81-91-23-1F-BA-45-9B-24-AF-E6-83-D0-59-58-DD-B6-F3-9A-1E-70-68-28-CC-9E-FE-B8-0A-13;
2023-05-04 17:02:18.4321  TRACE !!hash.Length = 32;
2023-05-04 17:02:18.4321  TRACE start = 0;
2023-05-04 17:02:18.4321  TRACE index = 1;
2023-05-04 17:02:18.4321  TRACE time = 1683208938;
2023-05-04 17:02:18.4321  INFO +++++++++++++++++++++++++++++++++++++++++++++++++
2023-05-04 17:02:18.4321  INFO UpdateSubkey
2023-05-04 17:02:18.4321  INFO +++++++++++++++++++++++++++++++++++++++++++++++++
2023-05-04 17:02:18.4321  INFO GetCurrentSubkey
2023-05-04 17:02:18.4321  TRACE intervals = 168320893;
2023-05-04 17:02:18.4321  TRACE subkeyLength = 40;
2023-05-04 17:02:18.4321  TRACE start = 40;
2023-05-04 17:02:18.4321  TRACE subkey = 26-1F-72-BB-04-F2-5C-29-9E-D6-DC-55-20-22-0C-B0-87-FE-E6-CE-93-E4-E1-13-74-35-A5-92-39-BB-E4-D4-AC-63-15-41-6D-58-3D-7D;
2023-05-04 17:02:18.4321  TRACE subkey = 26-1F-72-BB-04-F2-5C-29-9E-D6-DC-55-20-22-0C-B0-87-FE-E6-CE-93-E4-E1-13-74-35-A5-92-39-BB-E4-D4-AC-63-15-41-6D-58-3D-7D;
2023-05-04 17:02:18.4321  TRACE !!subkeyLength = 32;
2023-05-04 17:02:18.4321  TRACE hash = B6-3A-07-23-BE-9D-CB-DD-8C-43-62-D7-94-1B-3D-99-02-19-31-46-04-67-4C-D7-F8-88-97-ED-7F-83-20-C7;
2023-05-04 17:02:18.4321  TRACE !!hash.Length = 32;
2023-05-04 17:02:18.4321  TRACE start = 0;
2023-05-04 17:02:18.4321  TRACE index = 1;
2023-05-04 17:02:18.4321  TRACE time = 1683208938;
2023-05-04 17:02:18.4321  TRACE Alice sent message.: Hello, Bob!
2023-05-04 17:02:18.4321  INFO SendMessage Hello, Bob!
2023-05-04 17:02:18.4321  INFO ------------------------------------------
2023-05-04 17:02:18.4321  INFO SendMessage
2023-05-04 17:02:18.4321  INFO +++++++++++++++++++++++++++++++++++++++++++++++++
2023-05-04 17:02:18.4321  INFO GetCurrentSubkey
2023-05-04 17:02:18.4321  TRACE intervals = 168320893;
2023-05-04 17:02:18.4321  TRACE subkeyLength = 40;
2023-05-04 17:02:18.4321  TRACE start = 40;
2023-05-04 17:02:18.4321  TRACE subkey = 79-8C-03-CF-05-4F-30-D7-C2-58-50-E3-0A-C7-04-C6-DB-19-9D-C8-0C-43-34-76-9D-AC-1B-8D-B6-5D-12-D4-33-90-0D-D1-8E-AD-F5-2F;
2023-05-04 17:02:18.4321  TRACE subkey = 79-8C-03-CF-05-4F-30-D7-C2-58-50-E3-0A-C7-04-C6-DB-19-9D-C8-0C-43-34-76-9D-AC-1B-8D-B6-5D-12-D4-33-90-0D-D1-8E-AD-F5-2F;
2023-05-04 17:02:18.4321  TRACE iv = D6-56-B2-15-42-0A-DC-47-3A-D2-37-0E-E3-26-D5-A2;
2023-05-04 17:02:18.4321  TRACE Resize
2023-05-04 17:02:18.4321  TRACE subkey = 79-8C-03-CF-05-4F-30-D7-C2-58-50-E3-0A-C7-04-C6-DB-19-9D-C8-0C-43-34-76-9D-AC-1B-8D-B6-5D-12-D4;
2023-05-04 17:02:18.4321  TRACE iv = D6-56-B2-15-42-0A-DC-47-3A-D2-37-0E-E3-26-D5-A2;
2023-05-04 17:02:18.4321  TRACE encryptedMessage = D2-4A-26-87-88-B9-66-92-5B-D4-30-BE-56-06-3D-3E;
2023-05-04 17:02:18.4321  TRACE hash = 07-4E-F7-98-16-EB-47-32-C1-83-D1-27-EB-C8-A8-D7-72-62-B2-13-80-6F-90-DA-A2-DD-FB-83-4B-17-CB-D8;
2023-05-04 17:02:18.4321  TRACE data = D6-56-B2-15-42-0A-DC-47-3A-D2-37-0E-E3-26-D5-A2-D2-4A-26-87-88-B9-66-92-5B-D4-30-BE-56-06-3D-3E-07-4E-F7-98-16-EB-47-32-C1-83-D1-27-EB-C8-A8-D7-72-62-B2-13-80-6F-90-DA-A2-DD-FB-83-4B-17-CB-D8;
2023-05-04 17:02:18.4321  INFO ------------------------------------------
2023-05-04 17:02:18.4321  INFO ReceiveMessage
2023-05-04 17:02:18.4321  TRACE subkey = 79-8C-03-CF-05-4F-30-D7-C2-58-50-E3-0A-C7-04-C6-DB-19-9D-C8-0C-43-34-76-9D-AC-1B-8D-B6-5D-12-D4-33-90-0D-D1-8E-AD-F5-2F;
2023-05-04 17:02:18.4321  TRACE iv = D6-56-B2-15-42-0A-DC-47-3A-D2-37-0E-E3-26-D5-A2;
2023-05-04 17:02:18.4321  TRACE encryptedMessage = D2-4A-26-87-88-B9-66-92-5B-D4-30-BE-56-06-3D-3E;
2023-05-04 17:02:18.4321  TRACE hash = 07-4E-F7-98-16-EB-47-32-C1-83-D1-27-EB-C8-A8-D7-72-62-B2-13-80-6F-90-DA-A2-DD-FB-83-4B-17-CB-D8;
2023-05-04 17:02:18.4321  TRACE Resize
2023-05-04 17:02:18.4321  TRACE subkey = 79-8C-03-CF-05-4F-30-D7-C2-58-50-E3-0A-C7-04-C6-DB-19-9D-C8-0C-43-34-76-9D-AC-1B-8D-B6-5D-12-D4;
2023-05-04 17:02:18.4321  TRACE iv = D6-56-B2-15-42-0A-DC-47-3A-D2-37-0E-E3-26-D5-A2;
2023-05-04 17:02:18.4321  TRACE decryptedMessage = 48-65-6C-6C-6F-2C-20-41-6C-69-63-65-21;
2023-05-04 17:02:18.4321  TRACE message = Hello, Alice!
2023-05-04 17:02:18.4321  TRACE computedHash = 07-4E-F7-98-16-EB-47-32-C1-83-D1-27-EB-C8-A8-D7-72-62-B2-13-80-6F-90-DA-A2-DD-FB-83-4B-17-CB-D8;
2023-05-04 17:02:18.4321  INFO +++++++++++++++++++++++++++++++++++++++++++++++++
2023-05-04 17:02:18.4321  INFO UpdateSubkey
2023-05-04 17:02:18.4321  INFO +++++++++++++++++++++++++++++++++++++++++++++++++
2023-05-04 17:02:18.4321  INFO GetCurrentSubkey
2023-05-04 17:02:18.4321  TRACE intervals = 168320893;
2023-05-04 17:02:18.4321  TRACE subkeyLength = 40;
2023-05-04 17:02:18.4321  TRACE start = 80;
2023-05-04 17:02:18.4321  TRACE subkey = E8-7B-68-23-9D-81-F6-43-F1-56-74-5D-43-64-42-F5-7F-47-79-79-A1-E2-30-D9-47-39-AA-07-84-39-71-D2-86-E4-EC-BB-9E-BB-1C-AE;
2023-05-04 17:02:18.4321  TRACE subkey = E8-7B-68-23-9D-81-F6-43-F1-56-74-5D-43-64-42-F5-7F-47-79-79-A1-E2-30-D9-47-39-AA-07-84-39-71-D2-86-E4-EC-BB-9E-BB-1C-AE;
2023-05-04 17:02:18.4321  TRACE !!subkeyLength = 32;
2023-05-04 17:02:18.4321  TRACE hash = FC-43-AF-C5-9B-AA-48-4C-94-1E-DA-8A-6D-27-91-BE-AD-64-1F-7E-FF-AF-7F-EF-AB-B5-97-2B-09-91-A7-6E;
2023-05-04 17:02:18.4321  TRACE !!hash.Length = 32;
2023-05-04 17:02:18.4321  TRACE start = 32;
2023-05-04 17:02:18.4321  TRACE index = 2;
2023-05-04 17:02:18.4321  TRACE time = 1683208938;
2023-05-04 17:02:18.4321  INFO ------------------------------------------
2023-05-04 17:02:18.4321  INFO ReceiveMessage
2023-05-04 17:02:18.4321  TRACE subkey = 79-8C-03-CF-05-4F-30-D7-C2-58-50-E3-0A-C7-04-C6-DB-19-9D-C8-0C-43-34-76-9D-AC-1B-8D-B6-5D-12-D4-33-90-0D-D1-8E-AD-F5-2F;
2023-05-04 17:02:18.4321  TRACE iv = D6-56-B2-15-42-0A-DC-47-3A-D2-37-0E-E3-26-D5-A2;
2023-05-04 17:02:18.4321  TRACE encryptedMessage = D2-4A-26-87-88-B9-66-92-5B-D4-30-BE-56-06-3D-3E;
2023-05-04 17:02:18.4321  TRACE hash = 07-4E-F7-98-16-EB-47-32-C1-83-D1-27-EB-C8-A8-D7-72-62-B2-13-80-6F-90-DA-A2-DD-FB-83-4B-17-CB-D8;
2023-05-04 17:02:18.4321  TRACE Resize
2023-05-04 17:02:18.4321  TRACE subkey = 79-8C-03-CF-05-4F-30-D7-C2-58-50-E3-0A-C7-04-C6-DB-19-9D-C8-0C-43-34-76-9D-AC-1B-8D-B6-5D-12-D4;
2023-05-04 17:02:18.4321  TRACE iv = D6-56-B2-15-42-0A-DC-47-3A-D2-37-0E-E3-26-D5-A2;
2023-05-04 17:02:18.4321  TRACE decryptedMessage = 48-65-6C-6C-6F-2C-20-41-6C-69-63-65-21;
2023-05-04 17:02:18.4321  TRACE message = Hello, Alice!
2023-05-04 17:02:18.4321  TRACE computedHash = 07-4E-F7-98-16-EB-47-32-C1-83-D1-27-EB-C8-A8-D7-72-62-B2-13-80-6F-90-DA-A2-DD-FB-83-4B-17-CB-D8;
2023-05-04 17:02:18.4321  INFO +++++++++++++++++++++++++++++++++++++++++++++++++
2023-05-04 17:02:18.4321  INFO UpdateSubkey
2023-05-04 17:02:18.4321  INFO +++++++++++++++++++++++++++++++++++++++++++++++++
2023-05-04 17:02:18.4321  INFO GetCurrentSubkey
2023-05-04 17:02:18.4321  TRACE intervals = 168320893;
2023-05-04 17:02:18.4321  TRACE subkeyLength = 40;
2023-05-04 17:02:18.4321  TRACE start = 80;
2023-05-04 17:02:18.4321  TRACE subkey = FD-FD-4D-47-2E-B2-65-AB-04-3E-FE-44-D2-05-9A-BB-51-F1-FD-5A-82-65-74-45-B0-13-34-19-6A-5D-C6-77-34-E3-34-E9-E8-67-B0-66;
2023-05-04 17:02:18.4321  TRACE subkey = FD-FD-4D-47-2E-B2-65-AB-04-3E-FE-44-D2-05-9A-BB-51-F1-FD-5A-82-65-74-45-B0-13-34-19-6A-5D-C6-77-34-E3-34-E9-E8-67-B0-66;
2023-05-04 17:02:18.4321  TRACE !!subkeyLength = 32;
2023-05-04 17:02:18.4321  TRACE hash = 20-9D-A6-63-4E-35-1A-76-A9-EF-0B-C7-02-F1-1F-2D-CF-5F-C5-3A-CC-DC-72-D7-11-D0-BD-6A-DA-C0-F4-6F;
2023-05-04 17:02:18.4321  TRACE !!hash.Length = 32;
2023-05-04 17:02:18.4321  TRACE start = 32;
2023-05-04 17:02:18.4321  TRACE index = 2;
2023-05-04 17:02:18.4321  TRACE time = 1683208938;
2023-05-04 17:02:18.4321  INFO +++++++++++++++++++++++++++++++++++++++++++++++++
2023-05-04 17:02:18.4321  INFO UpdateSubkey
2023-05-04 17:02:18.4321  INFO +++++++++++++++++++++++++++++++++++++++++++++++++
2023-05-04 17:02:18.4321  INFO GetCurrentSubkey
2023-05-04 17:02:18.4321  TRACE intervals = 168320893;
2023-05-04 17:02:18.4321  TRACE subkeyLength = 40;
2023-05-04 17:02:18.4321  TRACE start = 40;
2023-05-04 17:02:18.4321  TRACE subkey = 79-8C-03-CF-05-4F-30-D7-C2-58-50-E3-0A-C7-04-C6-DB-19-9D-C8-0C-43-34-76-9D-AC-1B-8D-B6-5D-12-D4-33-90-0D-D1-8E-AD-F5-2F;
2023-05-04 17:02:18.4321  TRACE subkey = 79-8C-03-CF-05-4F-30-D7-C2-58-50-E3-0A-C7-04-C6-DB-19-9D-C8-0C-43-34-76-9D-AC-1B-8D-B6-5D-12-D4-33-90-0D-D1-8E-AD-F5-2F;
2023-05-04 17:02:18.4321  TRACE !!subkeyLength = 32;
2023-05-04 17:02:18.4321  TRACE hash = F1-9D-D6-9C-A0-7E-0E-1E-EF-59-25-6C-2C-62-D0-C0-11-4B-76-E3-AF-33-6E-57-8B-95-72-99-23-08-19-6D;
2023-05-04 17:02:18.4321  TRACE !!hash.Length = 32;
2023-05-04 17:02:18.4321  TRACE start = 0;
2023-05-04 17:02:18.4321  TRACE index = 1;
2023-05-04 17:02:18.4321  TRACE time = 1683208938;
2023-05-04 17:02:18.4321  TRACE Bob sent message.: Hello, Alice!
2023-05-04 17:02:18.4321  INFO SendMessage Hello, Alice!
2023-05-04 17:02:18.4321  INFO ------------------------------------------
2023-05-04 17:02:18.4321  INFO SendMessage
2023-05-04 17:02:18.4321  INFO +++++++++++++++++++++++++++++++++++++++++++++++++
2023-05-04 17:02:18.4321  INFO GetCurrentSubkey
2023-05-04 17:02:18.4321  TRACE intervals = 168320893;
2023-05-04 17:02:18.4321  TRACE subkeyLength = 40;
2023-05-04 17:02:18.4321  TRACE start = 80;
2023-05-04 17:02:18.4321  TRACE subkey = BC-F7-CB-29-93-1F-55-04-1F-B8-03-9F-AA-70-32-0B-14-14-67-31-3F-26-25-72-36-E8-9B-C3-D3-79-CB-61-29-C3-3C-6E-7C-E1-A8-5F;
2023-05-04 17:02:18.4321  TRACE subkey = BC-F7-CB-29-93-1F-55-04-1F-B8-03-9F-AA-70-32-0B-14-14-67-31-3F-26-25-72-36-E8-9B-C3-D3-79-CB-61-29-C3-3C-6E-7C-E1-A8-5F;
2023-05-04 17:02:18.4321  TRACE iv = 12-C9-7A-D7-31-D6-83-0A-6A-F0-FF-6B-5B-D8-A3-08;
2023-05-04 17:02:18.4321  TRACE Resize
2023-05-04 17:02:18.4321  TRACE subkey = BC-F7-CB-29-93-1F-55-04-1F-B8-03-9F-AA-70-32-0B-14-14-67-31-3F-26-25-72-36-E8-9B-C3-D3-79-CB-61;
2023-05-04 17:02:18.4321  TRACE iv = 12-C9-7A-D7-31-D6-83-0A-6A-F0-FF-6B-5B-D8-A3-08;
2023-05-04 17:02:18.4321  TRACE encryptedMessage = 06-1F-A2-66-D3-FD-52-75-64-E1-06-62-E9-BF-3D-25;
2023-05-04 17:02:18.4321  TRACE hash = 74-15-5B-2F-92-51-01-C1-70-C8-02-A0-D4-2B-BD-20-4F-0C-63-7F-66-3F-82-59-16-D5-48-0F-29-59-2F-A0;
2023-05-04 17:02:18.4321  TRACE data = 12-C9-7A-D7-31-D6-83-0A-6A-F0-FF-6B-5B-D8-A3-08-06-1F-A2-66-D3-FD-52-75-64-E1-06-62-E9-BF-3D-25-74-15-5B-2F-92-51-01-C1-70-C8-02-A0-D4-2B-BD-20-4F-0C-63-7F-66-3F-82-59-16-D5-48-0F-29-59-2F-A0;
2023-05-04 17:02:18.4321  INFO ------------------------------------------
2023-05-04 17:02:18.4321  INFO ReceiveMessage
2023-05-04 17:02:18.4321  TRACE subkey = BC-F7-CB-29-93-1F-55-04-1F-B8-03-9F-AA-70-32-0B-14-14-67-31-3F-26-25-72-36-E8-9B-C3-D3-79-CB-61-29-C3-3C-6E-7C-E1-A8-5F;
2023-05-04 17:02:18.4321  TRACE iv = 12-C9-7A-D7-31-D6-83-0A-6A-F0-FF-6B-5B-D8-A3-08;
2023-05-04 17:02:18.4321  TRACE encryptedMessage = 06-1F-A2-66-D3-FD-52-75-64-E1-06-62-E9-BF-3D-25;
2023-05-04 17:02:18.4321  TRACE hash = 74-15-5B-2F-92-51-01-C1-70-C8-02-A0-D4-2B-BD-20-4F-0C-63-7F-66-3F-82-59-16-D5-48-0F-29-59-2F-A0;
2023-05-04 17:02:18.4321  TRACE Resize
2023-05-04 17:02:18.4321  TRACE subkey = BC-F7-CB-29-93-1F-55-04-1F-B8-03-9F-AA-70-32-0B-14-14-67-31-3F-26-25-72-36-E8-9B-C3-D3-79-CB-61;
2023-05-04 17:02:18.4321  TRACE iv = 12-C9-7A-D7-31-D6-83-0A-6A-F0-FF-6B-5B-D8-A3-08;
2023-05-04 17:02:18.4321  TRACE decryptedMessage = 48-6F-77-20-61-72-65-20-79-6F-75-3F;
2023-05-04 17:02:18.4321  TRACE message = How are you?
2023-05-04 17:02:18.4321  TRACE computedHash = 74-15-5B-2F-92-51-01-C1-70-C8-02-A0-D4-2B-BD-20-4F-0C-63-7F-66-3F-82-59-16-D5-48-0F-29-59-2F-A0;
2023-05-04 17:02:18.4321  INFO +++++++++++++++++++++++++++++++++++++++++++++++++
2023-05-04 17:02:18.4321  INFO UpdateSubkey
2023-05-04 17:02:18.4321  INFO +++++++++++++++++++++++++++++++++++++++++++++++++
2023-05-04 17:02:18.4321  INFO GetCurrentSubkey
2023-05-04 17:02:18.4321  TRACE intervals = 168320893;
2023-05-04 17:02:18.4321  TRACE subkeyLength = 40;
2023-05-04 17:02:18.4321  TRACE start = 120;
2023-05-04 17:02:18.4321  TRACE subkey = DA-C4-B3-73-C0-90-3A-92-E2-0A-EE-BE-B7-25-1B-4F-63-ED-BE-87-82-1F-38-F9-92-A2-04-1E-50-D1-FF-2F-9B-B0-6D-AA-20-89-1E-06;
2023-05-04 17:02:18.4321  TRACE subkey = DA-C4-B3-73-C0-90-3A-92-E2-0A-EE-BE-B7-25-1B-4F-63-ED-BE-87-82-1F-38-F9-92-A2-04-1E-50-D1-FF-2F-9B-B0-6D-AA-20-89-1E-06;
2023-05-04 17:02:18.4321  TRACE !!subkeyLength = 32;
2023-05-04 17:02:18.4321  TRACE hash = F0-69-0C-07-59-6E-38-9A-A3-6A-BF-D5-18-2B-D9-46-57-92-93-8D-68-42-D7-C6-2D-0C-16-1F-7B-F5-00-32;
2023-05-04 17:02:18.4321  TRACE !!hash.Length = 32;
2023-05-04 17:02:18.4321  TRACE start = 64;
2023-05-04 17:02:18.4321  TRACE index = 3;
2023-05-04 17:02:18.4321  TRACE time = 1683208938;
2023-05-04 17:02:18.4321  INFO ------------------------------------------
2023-05-04 17:02:18.4321  INFO ReceiveMessage
2023-05-04 17:02:18.4321  TRACE subkey = BC-F7-CB-29-93-1F-55-04-1F-B8-03-9F-AA-70-32-0B-14-14-67-31-3F-26-25-72-36-E8-9B-C3-D3-79-CB-61-29-C3-3C-6E-7C-E1-A8-5F;
2023-05-04 17:02:18.4321  TRACE iv = 12-C9-7A-D7-31-D6-83-0A-6A-F0-FF-6B-5B-D8-A3-08;
2023-05-04 17:02:18.4321  TRACE encryptedMessage = 06-1F-A2-66-D3-FD-52-75-64-E1-06-62-E9-BF-3D-25;
2023-05-04 17:02:18.4321  TRACE hash = 74-15-5B-2F-92-51-01-C1-70-C8-02-A0-D4-2B-BD-20-4F-0C-63-7F-66-3F-82-59-16-D5-48-0F-29-59-2F-A0;
2023-05-04 17:02:18.4321  TRACE Resize
2023-05-04 17:02:18.4321  TRACE subkey = BC-F7-CB-29-93-1F-55-04-1F-B8-03-9F-AA-70-32-0B-14-14-67-31-3F-26-25-72-36-E8-9B-C3-D3-79-CB-61;
2023-05-04 17:02:18.4321  TRACE iv = 12-C9-7A-D7-31-D6-83-0A-6A-F0-FF-6B-5B-D8-A3-08;
2023-05-04 17:02:18.4321  TRACE decryptedMessage = 48-6F-77-20-61-72-65-20-79-6F-75-3F;
2023-05-04 17:02:18.4321  TRACE message = How are you?
2023-05-04 17:02:18.4321  TRACE computedHash = 74-15-5B-2F-92-51-01-C1-70-C8-02-A0-D4-2B-BD-20-4F-0C-63-7F-66-3F-82-59-16-D5-48-0F-29-59-2F-A0;
2023-05-04 17:02:18.4321  INFO +++++++++++++++++++++++++++++++++++++++++++++++++
2023-05-04 17:02:18.4321  INFO UpdateSubkey
2023-05-04 17:02:18.4321  INFO +++++++++++++++++++++++++++++++++++++++++++++++++
2023-05-04 17:02:18.4321  INFO GetCurrentSubkey
2023-05-04 17:02:18.4321  TRACE intervals = 168320893;
2023-05-04 17:02:18.4321  TRACE subkeyLength = 40;
2023-05-04 17:02:18.4321  TRACE start = 120;
2023-05-04 17:02:18.4321  TRACE subkey = 8D-69-36-63-42-44-C7-87-12-EE-DA-0F-C3-BB-D8-E5-DE-B6-A7-28-48-46-B2-9F-5F-CB-5C-84-8A-D4-58-33-20-A8-A2-8A-5C-B1-F5-77;
2023-05-04 17:02:18.4321  TRACE subkey = 8D-69-36-63-42-44-C7-87-12-EE-DA-0F-C3-BB-D8-E5-DE-B6-A7-28-48-46-B2-9F-5F-CB-5C-84-8A-D4-58-33-20-A8-A2-8A-5C-B1-F5-77;
2023-05-04 17:02:18.4321  TRACE !!subkeyLength = 32;
2023-05-04 17:02:18.4321  TRACE hash = 1C-AD-39-B5-46-80-30-A8-BD-DC-FF-AE-5C-48-02-BA-D2-D0-03-52-B4-2D-08-52-14-2F-1D-DB-AA-0C-78-C7;
2023-05-04 17:02:18.4321  TRACE !!hash.Length = 32;
2023-05-04 17:02:18.4321  TRACE start = 64;
2023-05-04 17:02:18.4321  TRACE index = 3;
2023-05-04 17:02:18.4321  TRACE time = 1683208938;
2023-05-04 17:02:18.4321  INFO +++++++++++++++++++++++++++++++++++++++++++++++++
2023-05-04 17:02:18.4321  INFO UpdateSubkey
2023-05-04 17:02:18.4321  INFO +++++++++++++++++++++++++++++++++++++++++++++++++
2023-05-04 17:02:18.4321  INFO GetCurrentSubkey
2023-05-04 17:02:18.4321  TRACE intervals = 168320893;
2023-05-04 17:02:18.4321  TRACE subkeyLength = 40;
2023-05-04 17:02:18.4321  TRACE start = 80;
2023-05-04 17:02:18.4321  TRACE subkey = BC-F7-CB-29-93-1F-55-04-1F-B8-03-9F-AA-70-32-0B-14-14-67-31-3F-26-25-72-36-E8-9B-C3-D3-79-CB-61-29-C3-3C-6E-7C-E1-A8-5F;
2023-05-04 17:02:18.4321  TRACE subkey = BC-F7-CB-29-93-1F-55-04-1F-B8-03-9F-AA-70-32-0B-14-14-67-31-3F-26-25-72-36-E8-9B-C3-D3-79-CB-61-29-C3-3C-6E-7C-E1-A8-5F;
2023-05-04 17:02:18.4321  TRACE !!subkeyLength = 32;
2023-05-04 17:02:18.4321  TRACE hash = 2A-BB-4D-C9-96-97-32-57-54-89-D7-D0-C8-02-78-D4-91-9E-AA-AF-AB-EE-7B-D9-CD-B4-74-8F-C5-6C-18-90;
2023-05-04 17:02:18.4321  TRACE !!hash.Length = 32;
2023-05-04 17:02:18.4321  TRACE start = 32;
2023-05-04 17:02:18.4321  TRACE index = 2;
2023-05-04 17:02:18.4321  TRACE time = 1683208938;
2023-05-04 17:02:18.4321  TRACE Alice sent message.: How are you?
2023-05-04 17:02:18.4321  INFO SendMessage How are you?
2023-05-04 17:02:18.4321  INFO ------------------------------------------
2023-05-04 17:02:18.4321  INFO SendMessage
2023-05-04 17:02:18.4321  INFO +++++++++++++++++++++++++++++++++++++++++++++++++
2023-05-04 17:02:18.4321  INFO GetCurrentSubkey
2023-05-04 17:02:18.4321  TRACE intervals = 168320893;
2023-05-04 17:02:18.4321  TRACE subkeyLength = 40;
2023-05-04 17:02:18.4321  TRACE start = 80;
2023-05-04 17:02:18.4321  TRACE subkey = 13-3C-04-90-1A-F4-CD-31-72-03-87-04-FE-62-17-6C-AF-0F-07-C6-52-38-A9-72-8F-B6-AE-FB-9F-93-15-B6-C6-86-8B-01-58-A4-45-76;
2023-05-04 17:02:18.4321  TRACE subkey = 13-3C-04-90-1A-F4-CD-31-72-03-87-04-FE-62-17-6C-AF-0F-07-C6-52-38-A9-72-8F-B6-AE-FB-9F-93-15-B6-C6-86-8B-01-58-A4-45-76;
2023-05-04 17:02:18.4321  TRACE iv = 2D-91-74-16-F0-66-BA-A9-EA-F6-CA-2E-0C-75-2F-EE;
2023-05-04 17:02:18.4321  TRACE Resize
2023-05-04 17:02:18.4321  TRACE subkey = 13-3C-04-90-1A-F4-CD-31-72-03-87-04-FE-62-17-6C-AF-0F-07-C6-52-38-A9-72-8F-B6-AE-FB-9F-93-15-B6;
2023-05-04 17:02:18.4321  TRACE iv = 2D-91-74-16-F0-66-BA-A9-EA-F6-CA-2E-0C-75-2F-EE;
2023-05-04 17:02:18.4321  TRACE encryptedMessage = 1E-C7-66-A5-66-84-12-42-B2-22-55-FF-0E-7C-0E-6D-B6-61-73-DE-1F-D4-30-AF-5A-6C-FC-92-00-EE-89-A0;
2023-05-04 17:02:18.4321  TRACE hash = 4D-1C-C5-6F-17-40-6F-27-D4-98-FB-F0-9A-E1-E9-1E-9C-27-6F-2C-07-21-CF-F5-0D-43-54-B5-06-23-EF-11;
2023-05-04 17:02:18.4321  TRACE data = 2D-91-74-16-F0-66-BA-A9-EA-F6-CA-2E-0C-75-2F-EE-1E-C7-66-A5-66-84-12-42-B2-22-55-FF-0E-7C-0E-6D-B6-61-73-DE-1F-D4-30-AF-5A-6C-FC-92-00-EE-89-A0-4D-1C-C5-6F-17-40-6F-27-D4-98-FB-F0-9A-E1-E9-1E-9C-27-6F-2C-07-21-CF-F5-0D-43-54-B5-06-23-EF-11;
2023-05-04 17:02:18.4321  INFO ------------------------------------------
2023-05-04 17:02:18.4321  INFO ReceiveMessage
2023-05-04 17:02:18.4321  TRACE subkey = 13-3C-04-90-1A-F4-CD-31-72-03-87-04-FE-62-17-6C-AF-0F-07-C6-52-38-A9-72-8F-B6-AE-FB-9F-93-15-B6-C6-86-8B-01-58-A4-45-76;
2023-05-04 17:02:18.4321  TRACE iv = 2D-91-74-16-F0-66-BA-A9-EA-F6-CA-2E-0C-75-2F-EE;
2023-05-04 17:02:18.4321  TRACE encryptedMessage = 1E-C7-66-A5-66-84-12-42-B2-22-55-FF-0E-7C-0E-6D-B6-61-73-DE-1F-D4-30-AF-5A-6C-FC-92-00-EE-89-A0;
2023-05-04 17:02:18.4321  TRACE hash = 4D-1C-C5-6F-17-40-6F-27-D4-98-FB-F0-9A-E1-E9-1E-9C-27-6F-2C-07-21-CF-F5-0D-43-54-B5-06-23-EF-11;
2023-05-04 17:02:18.4321  TRACE Resize
2023-05-04 17:02:18.4321  TRACE subkey = 13-3C-04-90-1A-F4-CD-31-72-03-87-04-FE-62-17-6C-AF-0F-07-C6-52-38-A9-72-8F-B6-AE-FB-9F-93-15-B6;
2023-05-04 17:02:18.4321  TRACE iv = 2D-91-74-16-F0-66-BA-A9-EA-F6-CA-2E-0C-75-2F-EE;
2023-05-04 17:02:18.4321  TRACE decryptedMessage = 49-27-6D-20-66-69-6E-65-2C-20-74-68-61-6E-6B-20-79-6F-75-2E-20-41-6E-64-20-79-6F-75-3F;
2023-05-04 17:02:18.4321  TRACE message = I'm fine, thank you. And you?
2023-05-04 17:02:18.4321  TRACE computedHash = 4D-1C-C5-6F-17-40-6F-27-D4-98-FB-F0-9A-E1-E9-1E-9C-27-6F-2C-07-21-CF-F5-0D-43-54-B5-06-23-EF-11;
2023-05-04 17:02:18.4321  INFO +++++++++++++++++++++++++++++++++++++++++++++++++
2023-05-04 17:02:18.4321  INFO UpdateSubkey
2023-05-04 17:02:18.4321  INFO +++++++++++++++++++++++++++++++++++++++++++++++++
2023-05-04 17:02:18.4321  INFO GetCurrentSubkey
2023-05-04 17:02:18.4321  TRACE intervals = 168320893;
2023-05-04 17:02:18.4321  TRACE subkeyLength = 40;
2023-05-04 17:02:18.4321  TRACE start = 0;
2023-05-04 17:02:18.4321  TRACE subkey = A2-97-4E-09-97-FA-C1-9F-B0-01-C7-D9-CF-EB-8F-9F-5F-8B-28-19-07-25-83-14-AE-6B-73-B0-3E-6A-DF-AE-FC-43-AF-C5-9B-AA-48-4C;
2023-05-04 17:02:18.4321  TRACE subkey = A2-97-4E-09-97-FA-C1-9F-B0-01-C7-D9-CF-EB-8F-9F-5F-8B-28-19-07-25-83-14-AE-6B-73-B0-3E-6A-DF-AE-FC-43-AF-C5-9B-AA-48-4C;
2023-05-04 17:02:18.4321  TRACE !!subkeyLength = 32;
2023-05-04 17:02:18.4321  TRACE hash = 42-A5-2F-72-6F-81-EF-2F-B8-7C-3A-04-8B-FD-8E-A2-2E-E8-FB-0C-2C-D8-65-18-CD-2E-20-20-58-70-54-3D;
2023-05-04 17:02:18.4321  TRACE !!hash.Length = 32;
2023-05-04 17:02:18.4321  TRACE start = 96;
2023-05-04 17:02:18.4321  TRACE index = 0;
2023-05-04 17:02:18.4321  TRACE time = 1683208938;
2023-05-04 17:02:18.4321  INFO ------------------------------------------
2023-05-04 17:02:18.4321  INFO ReceiveMessage
2023-05-04 17:02:18.4321  TRACE subkey = 13-3C-04-90-1A-F4-CD-31-72-03-87-04-FE-62-17-6C-AF-0F-07-C6-52-38-A9-72-8F-B6-AE-FB-9F-93-15-B6-C6-86-8B-01-58-A4-45-76;
2023-05-04 17:02:18.4321  TRACE iv = 2D-91-74-16-F0-66-BA-A9-EA-F6-CA-2E-0C-75-2F-EE;
2023-05-04 17:02:18.4321  TRACE encryptedMessage = 1E-C7-66-A5-66-84-12-42-B2-22-55-FF-0E-7C-0E-6D-B6-61-73-DE-1F-D4-30-AF-5A-6C-FC-92-00-EE-89-A0;
2023-05-04 17:02:18.4321  TRACE hash = 4D-1C-C5-6F-17-40-6F-27-D4-98-FB-F0-9A-E1-E9-1E-9C-27-6F-2C-07-21-CF-F5-0D-43-54-B5-06-23-EF-11;
2023-05-04 17:02:18.4321  TRACE Resize
2023-05-04 17:02:18.4321  TRACE subkey = 13-3C-04-90-1A-F4-CD-31-72-03-87-04-FE-62-17-6C-AF-0F-07-C6-52-38-A9-72-8F-B6-AE-FB-9F-93-15-B6;
2023-05-04 17:02:18.4321  TRACE iv = 2D-91-74-16-F0-66-BA-A9-EA-F6-CA-2E-0C-75-2F-EE;
2023-05-04 17:02:18.4321  TRACE decryptedMessage = 49-27-6D-20-66-69-6E-65-2C-20-74-68-61-6E-6B-20-79-6F-75-2E-20-41-6E-64-20-79-6F-75-3F;
2023-05-04 17:02:18.4321  TRACE message = I'm fine, thank you. And you?
2023-05-04 17:02:18.4321  TRACE computedHash = 4D-1C-C5-6F-17-40-6F-27-D4-98-FB-F0-9A-E1-E9-1E-9C-27-6F-2C-07-21-CF-F5-0D-43-54-B5-06-23-EF-11;
2023-05-04 17:02:18.4321  INFO +++++++++++++++++++++++++++++++++++++++++++++++++
2023-05-04 17:02:18.4321  INFO UpdateSubkey
2023-05-04 17:02:18.4321  INFO +++++++++++++++++++++++++++++++++++++++++++++++++
2023-05-04 17:02:18.4321  INFO GetCurrentSubkey
2023-05-04 17:02:18.4321  TRACE intervals = 168320893;
2023-05-04 17:02:18.4321  TRACE subkeyLength = 40;
2023-05-04 17:02:18.4321  TRACE start = 0;
2023-05-04 17:02:18.4321  TRACE subkey = 2B-BC-05-0B-81-91-23-1F-BA-45-9B-24-AF-E6-83-D0-59-58-DD-B6-F3-9A-1E-70-68-28-CC-9E-FE-B8-0A-13-20-9D-A6-63-4E-35-1A-76;
2023-05-04 17:02:18.4321  TRACE subkey = 2B-BC-05-0B-81-91-23-1F-BA-45-9B-24-AF-E6-83-D0-59-58-DD-B6-F3-9A-1E-70-68-28-CC-9E-FE-B8-0A-13-20-9D-A6-63-4E-35-1A-76;
2023-05-04 17:02:18.4321  TRACE !!subkeyLength = 32;
2023-05-04 17:02:18.4321  TRACE hash = 86-66-80-49-DD-E4-F1-DF-03-13-8A-99-77-27-7A-35-FD-21-B1-B6-E0-1E-31-86-38-B0-E5-21-E4-A9-EE-7B;
2023-05-04 17:02:18.4321  TRACE !!hash.Length = 32;
2023-05-04 17:02:18.4321  TRACE start = 96;
2023-05-04 17:02:18.4321  TRACE index = 0;
2023-05-04 17:02:18.4321  TRACE time = 1683208938;
2023-05-04 17:02:18.4321  INFO +++++++++++++++++++++++++++++++++++++++++++++++++
2023-05-04 17:02:18.4321  INFO UpdateSubkey
2023-05-04 17:02:18.4321  INFO +++++++++++++++++++++++++++++++++++++++++++++++++
2023-05-04 17:02:18.4321  INFO GetCurrentSubkey
2023-05-04 17:02:18.4321  TRACE intervals = 168320893;
2023-05-04 17:02:18.4321  TRACE subkeyLength = 40;
2023-05-04 17:02:18.4321  TRACE start = 80;
2023-05-04 17:02:18.4321  TRACE subkey = 13-3C-04-90-1A-F4-CD-31-72-03-87-04-FE-62-17-6C-AF-0F-07-C6-52-38-A9-72-8F-B6-AE-FB-9F-93-15-B6-C6-86-8B-01-58-A4-45-76;
2023-05-04 17:02:18.4321  TRACE subkey = 13-3C-04-90-1A-F4-CD-31-72-03-87-04-FE-62-17-6C-AF-0F-07-C6-52-38-A9-72-8F-B6-AE-FB-9F-93-15-B6-C6-86-8B-01-58-A4-45-76;
2023-05-04 17:02:18.4321  TRACE !!subkeyLength = 32;
2023-05-04 17:02:18.4321  TRACE hash = 6F-A8-C2-96-B1-53-77-78-E4-82-B8-9D-CA-04-8F-47-6C-DB-3B-41-17-86-12-4D-EA-F1-3D-48-1C-B6-5E-23;
2023-05-04 17:02:18.4321  TRACE !!hash.Length = 32;
2023-05-04 17:02:18.4321  TRACE start = 32;
2023-05-04 17:02:18.4321  TRACE index = 2;
2023-05-04 17:02:18.4321  TRACE time = 1683208938;
2023-05-04 17:02:18.4321  TRACE Bob sent message.: I'm fine, thank you. And you?
2023-05-04 17:02:18.4321  INFO SendMessage I'm fine, thank you. And you?
